21:34:31.942 INFO - Launching a standalone Selenium Server
21:34:32.024 INFO - Java: Oracle Corporation 25.101-b13
21:34:32.024 INFO - OS: Windows 8.1 6.3 amd64
21:34:32.033 INFO - v2.53.1, with Core v2.53.1. Built from revision a36b8b1
21:34:32.118 INFO - Driver class not found: com.opera.core.systems.OperaDriver
21:34:32.119 INFO - Driver provider com.opera.core.systems.OperaDriver is not registered
21:34:32.125 INFO - Driver provider org.openqa.selenium.safari.SafariDriver registration is skipped:
registration capabilities Capabilities [{browserName=safari, version=, platform=MAC}] does not match the current platform WIN8_1
21:34:32.125 INFO - Driver class not found: org.openqa.selenium.htmlunit.HtmlUnitDriver
21:34:32.126 INFO - Driver provider org.openqa.selenium.htmlunit.HtmlUnitDriver is not registered
21:34:32.235 INFO - RemoteWebDriver instances should connect to: http://127.0.0.1:4444/wd/hub
21:34:32.236 INFO - Selenium Server is up and running
21:34:32.596 INFO - Executing: [new session: Capabilities [{acceptSslCerts=true, name=Test, browserName=chrome, javascriptEnabled=true, platform=ANY}]])
21:34:32.605 INFO - Creating a new session for Capabilities [{acceptSslCerts=true, name=Test, browserName=chrome, javascriptEnabled=true, platform=ANY}]
Starting ChromeDriver 2.24.417431 (9aea000394714d2fbb20850021f6204f2256b9cf) on port 30104
Only local connections are allowed.
21:34:35.363 INFO - Done: [new session: Capabilities [{acceptSslCerts=true, name=Test, browserName=chrome, javascriptEnabled=true, platform=ANY}]]
21:34:35.375 INFO - Executing: [get: http://localhost:8080])
21:34:36.659 INFO - Done: [get: http://localhost:8080]
21:34:36.667 INFO - Executing: [find elements: By.cssSelector: #app])
21:34:36.701 INFO - Done: [find elements: By.cssSelector: #app]
21:34:36.705 INFO - Executing: [is displayed: 0 [[ChromeDriver: chrome on WIN8_1 (2ea07691798a17bb4b0447104742ceda)] -> css selector: #app]])
21:34:36.745 INFO - Done: [is displayed: 0 [[ChromeDriver: chrome on WIN8_1 (2ea07691798a17bb4b0447104742ceda)] -> css selector: #app]]
21:34:36.755 INFO - Executing: [find elements: By.cssSelector: .logo])
21:34:36.770 INFO - Done: [find elements: By.cssSelector: .logo]
21:34:36.775 INFO - Executing: [find element: By.cssSelector: h1])
21:34:36.790 INFO - Done: [find element: By.cssSelector: h1]
21:34:36.793 INFO - Executing: [get text: 2 [[ChromeDriver: chrome on WIN8_1 (2ea07691798a17bb4b0447104742ceda)] -> css selector: h1]])
21:34:36.810 INFO - Done: [get text: 2 [[ChromeDriver: chrome on WIN8_1 (2ea07691798a17bb4b0447104742ceda)] -> css selector: h1]]
21:34:36.819 INFO - Executing: [execute script: var passedArgs = Array.prototype.slice.call(arguments,0); return function (selector) {
      return document.querySelectorAll(selector).length;
    }.apply(window, passedArgs);, [p]])
21:34:36.825 INFO - Done: [execute script: var passedArgs = Array.prototype.slice.call(arguments,0); return function (selector) {
      return document.querySelectorAll(selector).length;
    }.apply(window, passedArgs);, [p]]
21:34:36.830 INFO - Executing: [delete session: 395b6b2c-4ae5-47ba-83b2-0957abe27bce])
21:34:37.729 INFO - Done: [delete session: 395b6b2c-4ae5-47ba-83b2-0957abe27bce]
